docker : time="2026-02-05T16:36:55-05:00" 
level=warning 
msg="C:\\Src\\SBTM_AntiGravity\\docker-compose.yml: 
the attribute `version` is obsolete, it will be 
ignored, please remove it to avoid potential 
confusion"
At line:1 char:1
+ docker compose build gps-tracking 2>&1 | 
Out-String | Set-Content -Pa ...
+ ~~~~~~~~~~~~~~~~~~~~~~~~~~~~~~~~~~~~~~
    + CategoryInfo          : NotSpecified: (time="2 
   026-02-0...tial confusion":String) [], RemoteExc  
  eption
    + FullyQualifiedErrorId : NativeCommandError
 
#1 [internal] load local bake definitions
#1 reading from stdin 594B done
#1 DONE 0.0s

#2 [internal] load build definition from Dockerfile
#2 transferring dockerfile: 1.05kB done
#2 DONE 0.0s

#3 [internal] load metadata for docker.io/library/node:20-alpine
#3 DONE 0.5s

#4 [internal] load .dockerignore
#4 transferring context: 2B done
#4 DONE 0.0s

#5 [builder 1/9] FROM docker.io/library/node:20-alpine@sha256:09e2b3d9726018aecf269bd35325f46bf75046a643a66d28360ec71132750ec8
#5 resolve docker.io/library/node:20-alpine@sha256:09e2b3d9726018aecf269bd35325f46bf75046a643a66d28360ec71132750ec8 0.0s done
#5 DONE 0.0s

#6 [internal] load build context
#6 transferring context: 744B done
#6 DONE 0.0s

#7 [builder 2/9] WORKDIR /app
#7 CACHED

#8 [builder 3/9] COPY package*.json ./
#8 CACHED

#9 [builder 4/9] COPY tsconfig.json ./
#9 CACHED

#10 [builder 5/9] RUN npm ci
#10 0.876 npm error code EUSAGE
#10 0.876 npm error
#10 0.876 npm error The `npm ci` command can only install with an existing package-lock.json or
#10 0.876 npm error npm-shrinkwrap.json with lockfileVersion >= 1. Run an install with npm@5 or
#10 0.876 npm error later to generate a package-lock.json file, then try again.
#10 0.876 npm error
#10 0.876 npm error Clean install a project
#10 0.876 npm error
#10 0.876 npm error Usage:
#10 0.876 npm error npm ci
#10 0.876 npm error
#10 0.876 npm error Options:
#10 0.876 npm error [--install-strategy <hoisted|nested|shallow|linked>] [--legacy-bundling]
#10 0.876 npm error [--global-style] [--omit <dev|optional|peer> [--omit <dev|optional|peer> ...]]
#10 0.876 npm error [--include <prod|dev|optional|peer> [--include <prod|dev|optional|peer> ...]]
#10 0.876 npm error [--strict-peer-deps] [--foreground-scripts] [--ignore-scripts] [--no-audit]
#10 0.876 npm error [--no-bin-links] [--no-fund] [--dry-run]
#10 0.876 npm error [-w|--workspace <workspace-name> [-w|--workspace <workspace-name> ...]]
#10 0.876 npm error [-ws|--workspaces] [--include-workspace-root] [--install-links]
#10 0.876 npm error
#10 0.876 npm error aliases: clean-install, ic, install-clean, isntall-clean
#10 0.876 npm error
#10 0.876 npm error Run "npm help ci" for more info
#10 0.878 npm error A complete log of this run can be found in: /root/.npm/_logs/2026-02-05T21_36_56_929Z-debug-0.log
#10 ...

#11 [stage-1 4/7] RUN npm ci --only=production
#11 0.492 npm warn config only Use `--omit=dev` to omit dev dependencies from the install.
#11 0.877 npm error code EUSAGE
#11 0.877 npm error
#11 0.877 npm error The `npm ci` command can only install with an existing package-lock.json or
#11 0.877 npm error npm-shrinkwrap.json with lockfileVersion >= 1. Run an install with npm@5 or
#11 0.877 npm error later to generate a package-lock.json file, then try again.
#11 0.877 npm error
#11 0.877 npm error Clean install a project
#11 0.877 npm error
#11 0.877 npm error Usage:
#11 0.877 npm error npm ci
#11 0.877 npm error
#11 0.877 npm error Options:
#11 0.877 npm error [--install-strategy <hoisted|nested|shallow|linked>] [--legacy-bundling]
#11 0.877 npm error [--global-style] [--omit <dev|optional|peer> [--omit <dev|optional|peer> ...]]
#11 0.877 npm error [--include <prod|dev|optional|peer> [--include <prod|dev|optional|peer> ...]]
#11 0.877 npm error [--strict-peer-deps] [--foreground-scripts] [--ignore-scripts] [--no-audit]
#11 0.877 npm error [--no-bin-links] [--no-fund] [--dry-run]
#11 0.877 npm error [-w|--workspace <workspace-name> [-w|--workspace <workspace-name> ...]]
#11 0.877 npm error [-ws|--workspaces] [--include-workspace-root] [--install-links]
#11 0.877 npm error
#11 0.877 npm error aliases: clean-install, ic, install-clean, isntall-clean
#11 0.877 npm error
#11 0.877 npm error Run "npm help ci" for more info
#11 0.879 npm error A complete log of this run can be found in: /root/.npm/_logs/2026-02-05T21_36_56_929Z-debug-0.log
#11 ERROR: process "/bin/sh -c npm ci --only=production" did not complete successfully: exit code: 1

#10 [builder 5/9] RUN npm ci
#10 ERROR: process "/bin/sh -c npm ci" did not complete successfully: exit code: 1
------
 > [stage-1 4/7] RUN npm ci --only=production:
0.877 npm error [--include <prod|dev|optional|peer> [--include <prod|dev|optional|peer> ...]]
0.877 npm error [--strict-peer-deps] [--foreground-scripts] [--ignore-scripts] [--no-audit]
0.877 npm error [--no-bin-links] [--no-fund] [--dry-run]
0.877 npm error [-w|--workspace <workspace-name> [-w|--workspace <workspace-name> ...]]
0.877 npm error [-ws|--workspaces] [--include-workspace-root] [--install-links]
0.877 npm error
0.877 npm error aliases: clean-install, ic, install-clean, isntall-clean
0.877 npm error
0.877 npm error Run "npm help ci" for more info
0.879 npm error A complete log of this run can be found in: /root/.npm/_logs/2026-02-05T21_36_56_929Z-debug-0.log
------
------
 > [builder 5/9] RUN npm ci:
0.876 npm error [--include <prod|dev|optional|peer> [--include <prod|dev|optional|peer> ...]]
0.876 npm error [--strict-peer-deps] [--foreground-scripts] [--ignore-scripts] [--no-audit]
0.876 npm error [--no-bin-links] [--no-fund] [--dry-run]
0.876 npm error [-w|--workspace <workspace-name> [-w|--workspace <workspace-name> ...]]
0.876 npm error [-ws|--workspaces] [--include-workspace-root] [--install-links]
0.876 npm error
0.876 npm error aliases: clean-install, ic, install-clean, isntall-clean
0.876 npm error
0.876 npm error Run "npm help ci" for more info
0.878 npm error A complete log of this run can be found in: /root/.npm/_logs/2026-02-05T21_36_56_929Z-debug-0.log
------
Dockerfile:37

--------------------

  35 |     

  36 |     # Install production dependencies only

  37 | >>> RUN npm ci --only=production

  38 |     

  39 |     # Copy prisma schema and generate client

--------------------

failed to solve: process "/bin/sh -c npm ci 
--only=production" did not complete successfully: 
exit code: 1



View build details: docker-desktop://dashboard/build/
default/default/jxzqiilbagoyuyv7eos60pnlp


